<?xml version="1.0" encoding="UTF-8"?>
<testng-results ignored="0" total="1" passed="1" failed="0" skipped="0">
  <reporter-output>
  </reporter-output>
  <suite started-at="2024-10-22T15:17:06 IST" name="Default suite" finished-at="2024-10-22T15:17:44 IST" duration-ms="38632">
    <groups>
    </groups>
    <test started-at="2024-10-22T15:17:06 IST" name="Default test" finished-at="2024-10-22T15:17:44 IST" duration-ms="38632">
      <class name="NewTest.STTproject.CA3">
        <test-method is-config="true" signature="beforeTest()[pri:0, instance:NewTest.STTproject.CA3@52bf72b5]" started-at="2024-10-22T15:17:06 IST" name="beforeTest" finished-at="2024-10-22T15:17:15 IST" duration-ms="9367" status="PASS">
          <reporter-output>
          </reporter-output>
        </test-method> <!-- beforeTest -->
        <test-method signature="f()[pri:0, instance:NewTest.STTproject.CA3@52bf72b5]" started-at="2024-10-22T15:17:15 IST" name="f" finished-at="2024-10-22T15:17:43 IST" duration-ms="28249" status="PASS">
          <reporter-output>
          </reporter-output>
        </test-method> <!-- f -->
        <test-method is-config="true" signature="afterTest()[pri:0, instance:NewTest.STTproject.CA3@52bf72b5]" started-at="2024-10-22T15:17:43 IST" name="afterTest" finished-at="2024-10-22T15:17:44 IST" duration-ms="964" status="PASS">
          <reporter-output>
          </reporter-output>
        </test-method> <!-- afterTest -->
      </class> <!-- NewTest.STTproject.CA3 -->
    </test> <!-- Default test -->
  </suite> <!-- Default suite -->
</testng-results>
